2020-01-20 15:26:36,919 INFO org.springframework.boot.SpringApplication [main] No active profile set, falling back to default profiles: default
2020-01-20 15:26:50,312 INFO org.springframework.boot.StartupInfoLogger [main] Started CardPaymentApplication in 16.595 seconds (JVM running for 18.379)
2020-01-20 15:29:08,996 INFO tim18.ftn.uns.ac.rs.cardpayment.controller.CardPaymentController [http-nio-8400-exec-1] Creating order for card payment
2020-01-20 15:29:09,329 INFO tim18.ftn.uns.ac.rs.cardpayment.controller.CardPaymentController [http-nio-8400-exec-1] Saved order 18
2020-01-20 15:29:09,484 INFO tim18.ftn.uns.ac.rs.cardpayment.controller.CardPaymentController [http-nio-8400-exec-2] Card payment controller: appId: 2, orderId: 18
2020-01-20 15:29:10,021 INFO tim18.ftn.uns.ac.rs.cardpayment.service.CardPaymentService [http-nio-8400-exec-2] Payment to the seller jaseyrae9
2020-01-20 15:29:10,095 INFO tim18.ftn.uns.ac.rs.cardpayment.service.CardPaymentService [http-nio-8400-exec-2] OrderId: 18
2020-01-20 15:29:10,103 INFO tim18.ftn.uns.ac.rs.cardpayment.service.CardPaymentService [http-nio-8400-exec-2] Payment amount 10.0
2020-01-20 15:29:12,180 INFO tim18.ftn.uns.ac.rs.cardpayment.service.CardPaymentService [http-nio-8400-exec-2] Saving order18 for application: 2, order status: PAID
2020-01-20 15:30:17,195 INFO tim18.ftn.uns.ac.rs.cardpayment.controller.CardPaymentController [http-nio-8400-exec-4] Complete card payment for order with id 18
2020-01-20 15:30:17,320 INFO tim18.ftn.uns.ac.rs.cardpayment.controller.CardPaymentController [http-nio-8400-exec-4] Order with id 18is paid
2020-01-20 15:31:30,603 INFO tim18.ftn.uns.ac.rs.cardpayment.controller.CardPaymentController [http-nio-8400-exec-2] Creating order for card payment
2020-01-20 15:31:30,657 INFO tim18.ftn.uns.ac.rs.cardpayment.controller.CardPaymentController [http-nio-8400-exec-2] Saved order 19
2020-01-20 15:31:30,741 INFO tim18.ftn.uns.ac.rs.cardpayment.controller.CardPaymentController [http-nio-8400-exec-3] Card payment controller: appId: 2, orderId: 19
2020-01-20 15:31:30,798 INFO tim18.ftn.uns.ac.rs.cardpayment.service.CardPaymentService [http-nio-8400-exec-3] Payment to the seller jaseyrae9
2020-01-20 15:31:30,810 INFO tim18.ftn.uns.ac.rs.cardpayment.service.CardPaymentService [http-nio-8400-exec-3] OrderId: 19
2020-01-20 15:31:30,811 INFO tim18.ftn.uns.ac.rs.cardpayment.service.CardPaymentService [http-nio-8400-exec-3] Payment amount 10.0
2020-01-20 15:31:31,003 INFO tim18.ftn.uns.ac.rs.cardpayment.service.CardPaymentService [http-nio-8400-exec-3] Saving order19 for application: 2, order status: PAID
2020-01-20 15:31:42,603 INFO tim18.ftn.uns.ac.rs.cardpayment.controller.CardPaymentController [http-nio-8400-exec-4] Complete card payment for order with id 19
2020-01-20 15:31:42,615 INFO tim18.ftn.uns.ac.rs.cardpayment.controller.CardPaymentController [http-nio-8400-exec-4] Order with id 19is paid
2020-01-20 15:34:33,880 INFO tim18.ftn.uns.ac.rs.cardpayment.controller.CardPaymentController [http-nio-8400-exec-9] Creating order for card payment
2020-01-20 15:34:34,138 INFO tim18.ftn.uns.ac.rs.cardpayment.controller.CardPaymentController [http-nio-8400-exec-9] Saved order 20
2020-01-20 15:34:34,519 INFO tim18.ftn.uns.ac.rs.cardpayment.controller.CardPaymentController [http-nio-8400-exec-1] Card payment controller: appId: 2, orderId: 20
2020-01-20 15:34:34,570 INFO tim18.ftn.uns.ac.rs.cardpayment.service.CardPaymentService [http-nio-8400-exec-1] Payment to the seller jaseyrae9
2020-01-20 15:34:34,590 INFO tim18.ftn.uns.ac.rs.cardpayment.service.CardPaymentService [http-nio-8400-exec-1] OrderId: 20
2020-01-20 15:34:34,592 INFO tim18.ftn.uns.ac.rs.cardpayment.service.CardPaymentService [http-nio-8400-exec-1] Payment amount 10.0
2020-01-20 15:34:35,209 INFO tim18.ftn.uns.ac.rs.cardpayment.service.CardPaymentService [http-nio-8400-exec-1] Saving order20 for application: 2, order status: PAID
