2020-01-19 10:42:20,010 INFO org.springframework.boot.SpringApplication [main] No active profile set, falling back to default profiles: default
2020-01-19 10:42:32,427 INFO org.springframework.boot.StartupInfoLogger [main] Started BitcoinPaymentApplication in 15.868 seconds (JVM running for 17.473)
2020-01-19 10:45:03,107 INFO tim18.ftn.uns.ac.rs.bitcoinpayment.controller.BitcoinPaymentController [http-nio-8300-exec-1] Creating order for bitcoin.
2020-01-19 10:45:03,162 INFO tim18.ftn.uns.ac.rs.bitcoinpayment.controller.BitcoinPaymentController [http-nio-8300-exec-1] Saved order 10
2020-01-19 10:45:03,228 INFO tim18.ftn.uns.ac.rs.bitcoinpayment.controller.BitcoinPaymentController [http-nio-8300-exec-2] Bitcoin controller: appId: 1, orderId: 10
2020-01-19 10:45:03,236 INFO tim18.ftn.uns.ac.rs.bitcoinpayment.service.PaymentService [http-nio-8300-exec-2] Payment to the seller xHdExMvwHJzNbKhmdQTF_WRLuovaEF18M_rypaEV
2020-01-19 10:45:03,252 INFO tim18.ftn.uns.ac.rs.bitcoinpayment.service.PaymentService [http-nio-8300-exec-2] OrderId: 10
2020-01-19 10:45:03,254 INFO tim18.ftn.uns.ac.rs.bitcoinpayment.service.PaymentService [http-nio-8300-exec-2] Payment amount 100.0
2020-01-19 10:45:03,722 INFO tim18.ftn.uns.ac.rs.bitcoinpayment.service.PaymentService [http-nio-8300-exec-2] Saving order10 for application: 1, order status: WAITING
2020-01-19 10:48:17,505 INFO org.springframework.boot.SpringApplication [main] No active profile set, falling back to default profiles: default
2020-01-19 10:48:29,662 INFO org.springframework.boot.StartupInfoLogger [main] Started BitcoinPaymentApplication in 15.446 seconds (JVM running for 17.04)
2020-01-19 10:51:40,508 INFO org.springframework.boot.SpringApplication [main] No active profile set, falling back to default profiles: default
2020-01-19 10:51:52,680 INFO org.springframework.boot.StartupInfoLogger [main] Started BitcoinPaymentApplication in 15.567 seconds (JVM running for 17.231)
2020-01-19 10:57:25,978 INFO tim18.ftn.uns.ac.rs.bitcoinpayment.controller.BitcoinPaymentController [http-nio-8300-exec-1] Creating order for bitcoin.
2020-01-19 10:57:26,046 INFO tim18.ftn.uns.ac.rs.bitcoinpayment.controller.BitcoinPaymentController [http-nio-8300-exec-1] Saved order 11
2020-01-19 10:57:26,104 INFO tim18.ftn.uns.ac.rs.bitcoinpayment.controller.BitcoinPaymentController [http-nio-8300-exec-2] Bitcoin controller: appId: 1, orderId: 11
2020-01-19 10:57:26,113 INFO tim18.ftn.uns.ac.rs.bitcoinpayment.service.PaymentService [http-nio-8300-exec-2] Payment to the seller xHdExMvwHJzNbKhmdQTF_WRLuovaEF18M_rypaEV
2020-01-19 10:57:26,128 INFO tim18.ftn.uns.ac.rs.bitcoinpayment.service.PaymentService [http-nio-8300-exec-2] OrderId: 11
2020-01-19 10:57:26,129 INFO tim18.ftn.uns.ac.rs.bitcoinpayment.service.PaymentService [http-nio-8300-exec-2] Payment amount 100.0
2020-01-19 10:57:27,449 INFO tim18.ftn.uns.ac.rs.bitcoinpayment.service.PaymentService [http-nio-8300-exec-2] Saving order11 for application: 1, order status: WAITING
